<?xml version="1.0" encoding="UTF-8"?>
<!-- Generated by org.testng.reporters.JUnitReportReporter -->
<testsuite hostname="Deepikas-MBP.attlocal.net" failures="0" tests="2" name="Tests.HomeTest" time="7.845" errors="1" timestamp="2023-08-25T11:21:19 PDT" skipped="1">
  <testcase classname="Tests.HomeTest" name="beforeMethod" time="7.844">
    <error message="session not created: This version of ChromeDriver only supports Chrome version 114
Current browser version is 116.0.5845.110 with binary path /Applications/Google Chrome.app/Contents/MacOS/Google Chrome
Build info: version: &#039;3.141.59&#039;, revision: &#039;e82be7d358&#039;, time: &#039;2018-11-14T08:17:03&#039;
System info: host: &#039;Deepikas-MBP.attlocal.net&#039;, ip: &#039;2600:1700:78e0:b000:0:0:0:36%en0&#039;, os.name: &#039;Mac OS X&#039;, os.arch: &#039;x86_64&#039;, os.version: &#039;13.4.1&#039;, java.version: &#039;17.0.5&#039;
Driver info: driver.version: ChromeDriver
remote stacktrace: 0   chromedriver                        0x0000000104fa96b8 chromedriver + 4937400
1   chromedriver                        0x0000000104fa0b73 chromedriver + 4901747
2   chromedriver                        0x0000000104b5e616 chromedriver + 435734
3   chromedriver                        0x0000000104b90d10 chromedriver + 642320
4   chromedriver                        0x0000000104b8c18a chromedriver + 622986
5   chromedriver                        0x0000000104b8867c chromedriver + 607868
6   chromedriver                        0x0000000104bcfa08 chromedriver + 899592
7   chromedriver                        0x0000000104bceebf chromedriver + 896703
8   chromedriver                        0x0000000104bc5de3 chromedriver + 859619
9   chromedriver                        0x0000000104b93d7f chromedriver + 654719
10  chromedriver                        0x0000000104b950de chromedriver + 659678
11  chromedriver                        0x0000000104f652ad chromedriver + 4657837
12  chromedriver                        0x0000000104f6a130 chromedriver + 4677936
13  chromedriver                        0x0000000104f70def chromedriver + 4705775
14  chromedriver                        0x0000000104f6b05a chromedriver + 4681818
15  chromedriver                        0x0000000104f3d92c chromedriver + 4495660
16  chromedriver                        0x0000000104f88838 chromedriver + 4802616
17  chromedriver                        0x0000000104f889b7 chromedriver + 4802999
18  chromedriver                        0x0000000104f9999f chromedriver + 4872607
19  libsystem_pthread.dylib             0x00007ff814dc31d3 _pthread_start + 125
20  libsystem_pthread.dylib             0x00007ff814dbebd3 thread_start + 15
" type="org.openqa.selenium.SessionNotCreatedException">
      <![CDATA[org.openqa.selenium.SessionNotCreatedException: session not created: This version of ChromeDriver only supports Chrome version 114
Current browser version is 116.0.5845.110 with binary path /Applications/Google Chrome.app/Contents/MacOS/Google Chrome
Build info: version: '3.141.59', revision: 'e82be7d358', time: '2018-11-14T08:17:03'
System info: host: 'Deepikas-MBP.attlocal.net', ip: '2600:1700:78e0:b000:0:0:0:36%en0', os.name: 'Mac OS X', os.arch: 'x86_64', os.version: '13.4.1', java.version: '17.0.5'
Driver info: driver.version: ChromeDriver
remote stacktrace: 0   chromedriver                        0x0000000104fa96b8 chromedriver + 4937400
1   chromedriver                        0x0000000104fa0b73 chromedriver + 4901747
2   chromedriver                        0x0000000104b5e616 chromedriver + 435734
3   chromedriver                        0x0000000104b90d10 chromedriver + 642320
4   chromedriver                        0x0000000104b8c18a chromedriver + 622986
5   chromedriver                        0x0000000104b8867c chromedriver + 607868
6   chromedriver                        0x0000000104bcfa08 chromedriver + 899592
7   chromedriver                        0x0000000104bceebf chromedriver + 896703
8   chromedriver                        0x0000000104bc5de3 chromedriver + 859619
9   chromedriver                        0x0000000104b93d7f chromedriver + 654719
10  chromedriver                        0x0000000104b950de chromedriver + 659678
11  chromedriver                        0x0000000104f652ad chromedriver + 4657837
12  chromedriver                        0x0000000104f6a130 chromedriver + 4677936
13  chromedriver                        0x0000000104f70def chromedriver + 4705775
14  chromedriver                        0x0000000104f6b05a chromedriver + 4681818
15  chromedriver                        0x0000000104f3d92c chromedriver + 4495660
16  chromedriver                        0x0000000104f88838 chromedriver + 4802616
17  chromedriver                        0x0000000104f889b7 chromedriver + 4802999
18  chromedriver                        0x0000000104f9999f chromedriver + 4872607
19  libsystem_pthread.dylib             0x00007ff814dc31d3 _pthread_start + 125
20  libsystem_pthread.dylib             0x00007ff814dbebd3 thread_start + 15

at java.base/jdk.internal.reflect.NativeConstructorAccessorImpl.newInstance0(Native Method)
at java.base/jdk.internal.reflect.NativeConstructorAccessorImpl.newInstance(NativeConstructorAccessorImpl.java:77)
at java.base/jdk.internal.reflect.DelegatingConstructorAccessorImpl.newInstance(DelegatingConstructorAccessorImpl.java:45)
at java.base/java.lang.reflect.Constructor.newInstanceWithCaller(Constructor.java:499)
at java.base/java.lang.reflect.Constructor.newInstance(Constructor.java:480)
at org.openqa.selenium.remote.W3CHandshakeResponse.lambda$errorHandler$0(W3CHandshakeResponse.java:62)
at org.openqa.selenium.remote.HandshakeResponse.lambda$getResponseFunction$0(HandshakeResponse.java:30)
at org.openqa.selenium.remote.ProtocolHandshake.lambda$createSession$0(ProtocolHandshake.java:126)
at java.base/java.util.stream.ReferencePipeline$3$1.accept(ReferencePipeline.java:197)
at java.base/java.util.Spliterators$ArraySpliterator.tryAdvance(Spliterators.java:1002)
at java.base/java.util.stream.ReferencePipeline.forEachWithCancel(ReferencePipeline.java:129)
at java.base/java.util.stream.AbstractPipeline.copyIntoWithCancel(AbstractPipeline.java:527)
at java.base/java.util.stream.AbstractPipeline.copyInto(AbstractPipeline.java:513)
at java.base/java.util.stream.AbstractPipeline.wrapAndCopyInto(AbstractPipeline.java:499)
at java.base/java.util.stream.FindOps$FindOp.evaluateSequential(FindOps.java:150)
at java.base/java.util.stream.AbstractPipeline.evaluate(AbstractPipeline.java:234)
at java.base/java.util.stream.ReferencePipeline.findFirst(ReferencePipeline.java:647)
at org.openqa.selenium.remote.ProtocolHandshake.createSession(ProtocolHandshake.java:128)
at org.openqa.selenium.remote.ProtocolHandshake.createSession(ProtocolHandshake.java:74)
at org.openqa.selenium.remote.HttpCommandExecutor.execute(HttpCommandExecutor.java:136)
at org.openqa.selenium.remote.service.DriverCommandExecutor.execute(DriverCommandExecutor.java:83)
at org.openqa.selenium.remote.RemoteWebDriver.execute(RemoteWebDriver.java:552)
at org.openqa.selenium.remote.RemoteWebDriver.startSession(RemoteWebDriver.java:213)
at org.openqa.selenium.remote.RemoteWebDriver.<init>(RemoteWebDriver.java:131)
at org.openqa.selenium.chrome.ChromeDriver.<init>(ChromeDriver.java:181)
at org.openqa.selenium.chrome.ChromeDriver.<init>(ChromeDriver.java:168)
at org.openqa.selenium.chrome.ChromeDriver.<init>(ChromeDriver.java:123)
at Base.BaseTest.getDriver(BaseTest.java:20)
at Tests.HomeTest.beforeMethod(HomeTest.java:25)
at java.base/jdk.internal.reflect.NativeMethodAccessorImpl.invoke0(Native Method)
at java.base/jdk.internal.reflect.NativeMethodAccessorImpl.invoke(NativeMethodAccessorImpl.java:77)
at java.base/jdk.internal.reflect.DelegatingMethodAccessorImpl.invoke(DelegatingMethodAccessorImpl.java:43)
at java.base/java.lang.reflect.Method.invoke(Method.java:568)
at org.testng.internal.invokers.MethodInvocationHelper.invokeMethod(MethodInvocationHelper.java:139)
at org.testng.internal.invokers.MethodInvocationHelper.invokeMethodConsideringTimeout(MethodInvocationHelper.java:69)
at org.testng.internal.invokers.ConfigInvoker.invokeConfigurationMethod(ConfigInvoker.java:361)
at org.testng.internal.invokers.ConfigInvoker.invokeConfigurations(ConfigInvoker.java:296)
at org.testng.internal.invokers.TestInvoker.runConfigMethods(TestInvoker.java:823)
at org.testng.internal.invokers.TestInvoker.invokeMethod(TestInvoker.java:590)
at org.testng.internal.invokers.TestInvoker.invokeTestMethod(TestInvoker.java:221)
at org.testng.internal.invokers.MethodRunner.runInSequence(MethodRunner.java:50)
at org.testng.internal.invokers.TestInvoker$MethodInvocationAgent.invoke(TestInvoker.java:969)
at org.testng.internal.invokers.TestInvoker.invokeTestMethods(TestInvoker.java:194)
at org.testng.internal.invokers.TestMethodWorker.invokeTestMethods(TestMethodWorker.java:148)
at org.testng.internal.invokers.TestMethodWorker.run(TestMethodWorker.java:128)
at java.base/java.util.ArrayList.forEach(ArrayList.java:1511)
at org.testng.TestRunner.privateRun(TestRunner.java:829)
at org.testng.TestRunner.run(TestRunner.java:602)
at org.testng.SuiteRunner.runTest(SuiteRunner.java:437)
at org.testng.SuiteRunner.runSequentially(SuiteRunner.java:431)
at org.testng.SuiteRunner.privateRun(SuiteRunner.java:391)
at org.testng.SuiteRunner.run(SuiteRunner.java:330)
at org.testng.SuiteRunnerWorker.runSuite(SuiteRunnerWorker.java:52)
at org.testng.SuiteRunnerWorker.run(SuiteRunnerWorker.java:95)
at org.testng.TestNG.runSuitesSequentially(TestNG.java:1256)
at org.testng.TestNG.runSuitesLocally(TestNG.java:1176)
at org.testng.TestNG.runSuites(TestNG.java:1099)
at org.testng.TestNG.run(TestNG.java:1067)
at org.testng.remote.AbstractRemoteTestNG.run(AbstractRemoteTestNG.java:115)
at org.testng.remote.RemoteTestNG.initAndRun(RemoteTestNG.java:251)
at org.testng.remote.RemoteTestNG.main(RemoteTestNG.java:77)
]]>
    </error>
  </testcase> <!-- beforeMethod -->
  <system-out/>
  <testcase classname="Tests.HomeTest" name="enterTextInSearch" time="0.001">
    <skipped/>
  </testcase> <!-- enterTextInSearch -->
  <system-out/>
</testsuite> <!-- Tests.HomeTest -->
